<?xml version="1.0" encoding="UTF-8"?>
<!-- Generated by org.testng.reporters.JUnitReportReporter -->
<testsuite name="com.hybridframework.productDetailsPage.VerifyProductCounts" tests="1" time="46.348" ignored="0" failures="0" timestamp="10 Jun 2018 12:55:08 GMT" skipped="0" hostname="DESKTOP-V515QSP" errors="0">
  <testcase name="verifyProductCounts" time="46.348" classname="com.hybridframework.productDetailsPage.VerifyProductCounts"/>
</testsuite> <!-- com.hybridframework.productDetailsPage.VerifyProductCounts -->
