<?xml version="1.0" encoding="UTF-8"?>
<!-- Generated by org.testng.reporters.JUnitReportReporter -->
<testsuite name="com.hybridframework.homepage.TestDataDriverScript" tests="6" time="0.078" ignored="0" failures="0" timestamp="02 Jun 2018 10:48:04 GMT" skipped="0" hostname="DESKTOP-V515QSP" errors="0">
  <testcase name="testLogin" time="0.016" classname="com.hybridframework.homepage.TestDataDriverScript"/>
  <testcase name="testLogin" time="0.015" classname="com.hybridframework.homepage.TestDataDriverScript"/>
  <testcase name="testLogin" time="0.016" classname="com.hybridframework.homepage.TestDataDriverScript"/>
  <testcase name="testLogin" time="0.015" classname="com.hybridframework.homepage.TestDataDriverScript"/>
  <testcase name="testLogin" time="0.000" classname="com.hybridframework.homepage.TestDataDriverScript"/>
  <testcase name="testLogin" time="0.016" classname="com.hybridframework.homepage.TestDataDriverScript"/>
</testsuite> <!-- com.hybridframework.homepage.TestDataDriverScript -->
