<?xml version="1.0" encoding="UTF-8"?>
<!-- Generated by org.testng.reporters.JUnitReportReporter -->
<testsuite name="com.hybridframework.productDetailsPage.verifyLowestPriceFilter" tests="1" time="43.961" ignored="0" failures="0" timestamp="10 Jun 2018 11:49:39 GMT" skipped="0" hostname="DESKTOP-V515QSP" errors="0">
  <testcase name="verifyLowestPriceFilterlist_detailsPage" time="43.961" classname="com.hybridframework.productDetailsPage.verifyLowestPriceFilter"/>
</testsuite> <!-- com.hybridframework.productDetailsPage.verifyLowestPriceFilter -->
