<?xml version="1.0" encoding="UTF-8"?>
<!-- Generated by org.testng.reporters.JUnitReportReporter -->
<testsuite name="com.hybridframework.homepage.TestDataDriverScript1" tests="3" time="0.026" ignored="0" failures="0" timestamp="02 Jun 2018 11:11:56 GMT" skipped="0" hostname="DESKTOP-V515QSP" errors="0">
  <testcase name="testLogin" time="0.010" classname="com.hybridframework.homepage.TestDataDriverScript1"/>
  <testcase name="testLogin" time="0.004" classname="com.hybridframework.homepage.TestDataDriverScript1"/>
  <testcase name="testLogin" time="0.012" classname="com.hybridframework.homepage.TestDataDriverScript1"/>
</testsuite> <!-- com.hybridframework.homepage.TestDataDriverScript1 -->
