<?xml version="1.0" encoding="UTF-8"?>
<!-- Generated by org.testng.reporters.JUnitReportReporter -->
<testsuite skipped="0" hostname="DESKTOP-V515QSP" name="packtwo.Windowhandlers" tests="1" failures="0" timestamp="04 May 2018 17:13:43 GMT" time="41.237" errors="0">
  <testcase name="f" time="41.237" classname="packtwo.Windowhandlers"/>
</testsuite> <!-- packtwo.Windowhandlers -->
