<?xml version="1.0" encoding="UTF-8"?>
<!-- Generated by org.testng.reporters.JUnitReportReporter -->
<testsuite skipped="0" hostname="DESKTOP-V515QSP" name="packtwo.VerifyText" tests="1" failures="0" timestamp="05 May 2018 11:11:25 GMT" time="16.618" errors="0">
  <testcase name="f" time="16.618" classname="packtwo.VerifyText"/>
</testsuite> <!-- packtwo.VerifyText -->
