<?xml version="1.0" encoding="UTF-8"?>
<!-- Generated by org.testng.reporters.JUnitReportReporter -->
<testsuite skipped="0" hostname="DESKTOP-V515QSP" name="propertiesFile.Logout" tests="1" failures="0" timestamp="06 May 2018 07:44:21 GMT" time="0.018" errors="0">
  <testcase name="logout" time="0.018" classname="propertiesFile.Logout"/>
</testsuite> <!-- propertiesFile.Logout -->
