<?xml version="1.0" encoding="UTF-8"?>
<!-- Generated by org.testng.reporters.JUnitReportReporter -->
<testsuite skipped="0" hostname="DESKTOP-V515QSP" name="testng.GroupTest" tests="4" failures="0" timestamp="28 Jun 2018 03:18:49 GMT" time="0.031" errors="0">
  <testcase name="test1" time="0.000" classname="testng.GroupTest"/>
  <testcase name="test4" time="0.015" classname="testng.GroupTest"/>
  <testcase name="test2" time="0.000" classname="testng.GroupTest"/>
  <testcase name="test3" time="0.016" classname="testng.GroupTest"/>
</testsuite> <!-- testng.GroupTest -->
