<?xml version="1.0" encoding="UTF-8"?>
<!-- Generated by org.testng.reporters.JUnitReportReporter -->
<testsuite skipped="0" hostname="DESKTOP-V515QSP" name="packtwo.Windowshandlers2" tests="1" failures="0" timestamp="05 May 2018 13:22:28 GMT" time="46.289" errors="0">
  <testcase name="f" time="46.289" classname="packtwo.Windowshandlers2"/>
</testsuite> <!-- packtwo.Windowshandlers2 -->
