<?xml version="1.0" encoding="UTF-8"?>
<!-- Generated by org.testng.reporters.JUnitReportReporter -->
<testsuite skipped="0" hostname="DESKTOP-V515QSP" name="packtwo.VerifyPriceFilters" tests="1" failures="0" timestamp="14 May 2018 17:03:28 GMT" time="51.788" errors="0">
  <testcase name="verifyPriceFilters" time="51.788" classname="packtwo.VerifyPriceFilters"/>
</testsuite> <!-- packtwo.VerifyPriceFilters -->
