<?xml version="1.0" encoding="UTF-8"?>
<!-- Generated by org.testng.reporters.JUnitReportReporter -->
<testsuite skipped="0" hostname="DESKTOP-V515QSP" name="packtwo.DeleteEmailInbox" tests="1" failures="0" timestamp="11 May 2018 18:24:59 GMT" time="44.943" errors="0">
  <testcase name="deleteEmailInbox" time="44.943" classname="packtwo.DeleteEmailInbox"/>
</testsuite> <!-- packtwo.DeleteEmailInbox -->
