<?xml version="1.0" encoding="UTF-8"?>
<!-- Generated by org.testng.reporters.JUnitReportReporter -->
<testsuite skipped="0" hostname="DESKTOP-V515QSP" name="packtwo.ZoomInZoomOut" tests="1" failures="0" timestamp="08 May 2018 18:36:46 GMT" time="53.627" errors="0">
  <testcase name="zoomInZoomOut" time="53.627" classname="packtwo.ZoomInZoomOut"/>
</testsuite> <!-- packtwo.ZoomInZoomOut -->
