<?xml version="1.0" encoding="UTF-8"?>
<!-- Generated by org.testng.reporters.JUnitReportReporter -->
<testsuite skipped="0" hostname="DESKTOP-V515QSP" name="packtwo.Verifyfiters" tests="1" failures="0" timestamp="06 May 2018 06:18:56 GMT" time="72.472" errors="0">
  <testcase name="f" time="72.472" classname="packtwo.Verifyfiters"/>
</testsuite> <!-- packtwo.Verifyfiters -->
