<?xml version="1.0" encoding="UTF-8"?>
<!-- Generated by org.testng.reporters.JUnitReportReporter -->
<testsuite skipped="0" hostname="DESKTOP-V515QSP" name="propertiesFile.Login" tests="1" failures="0" timestamp="06 May 2018 09:53:50 GMT" time="0.010" errors="0">
  <testcase name="login" time="0.010" classname="propertiesFile.Login"/>
</testsuite> <!-- propertiesFile.Login -->
