<?xml version="1.0" encoding="UTF-8"?>
<!-- Generated by org.testng.reporters.JUnitReportReporter -->
<testsuite skipped="0" hostname="DESKTOP-V515QSP" name="packtwo.VerifyDiabledElements" tests="1" failures="0" timestamp="06 May 2018 15:00:42 GMT" time="41.482" errors="0">
  <testcase name="f" time="41.482" classname="packtwo.VerifyDiabledElements"/>
</testsuite> <!-- packtwo.VerifyDiabledElements -->
