<?xml version="1.0" encoding="UTF-8"?>
<!-- Generated by org.testng.reporters.JUnitReportReporter -->
<testsuite skipped="0" hostname="DESKTOP-V515QSP" name="packtwo.NewTest" tests="1" failures="0" timestamp="03 May 2018 17:48:12 GMT" time="6.158" errors="0">
  <testcase name="f" time="6.158" classname="packtwo.NewTest"/>
</testsuite> <!-- packtwo.NewTest -->
