<?xml version="1.0" encoding="UTF-8"?>
<!-- Generated by org.testng.reporters.JUnitReportReporter -->
<testsuite skipped="0" hostname="DESKTOP-V515QSP" name="testng.ParametersInTestNg" tests="1" failures="0" timestamp="28 Jun 2018 03:18:49 GMT" time="0.016" errors="0">
  <testcase name="testLogin" time="0.016" classname="testng.ParametersInTestNg"/>
</testsuite> <!-- testng.ParametersInTestNg -->
