<?xml version="1.0" encoding="UTF-8"?>
<!-- Generated by org.testng.reporters.JUnitReportReporter -->
<testsuite skipped="0" hostname="DESKTOP-V515QSP" name="packtwo.Expanded" tests="1" failures="0" timestamp="05 May 2018 12:20:32 GMT" time="50.376" errors="0">
  <testcase name="f" time="50.376" classname="packtwo.Expanded"/>
</testsuite> <!-- packtwo.Expanded -->
