<?xml version="1.0" encoding="UTF-8"?>
<!-- Generated by org.testng.reporters.JUnitReportReporter -->
<testsuite skipped="0" hostname="DESKTOP-V515QSP" name="testng.AllAnnotations" tests="2" failures="0" timestamp="28 Jun 2018 03:18:49 GMT" time="0.003" errors="0">
  <testcase name="test2" time="0.000" classname="testng.AllAnnotations"/>
  <testcase name="test1" time="0.003" classname="testng.AllAnnotations"/>
</testsuite> <!-- testng.AllAnnotations -->
