<?xml version="1.0" encoding="UTF-8"?>
<!-- Generated by org.testng.reporters.JUnitReportReporter -->
<testsuite skipped="0" hostname="DESKTOP-V515QSP" name="packtwo.VerifyScrollUpDown" tests="1" failures="0" timestamp="08 May 2018 18:21:24 GMT" time="101.006" errors="0">
  <testcase name="A" time="101.006" classname="packtwo.VerifyScrollUpDown"/>
</testsuite> <!-- packtwo.VerifyScrollUpDown -->
