<?xml version="1.0" encoding="UTF-8"?>
<!-- Generated by org.testng.reporters.JUnitReportReporter -->
<testsuite skipped="0" hostname="DESKTOP-V515QSP" name="packtwo.Filterproduct" tests="1" failures="0" timestamp="06 May 2018 05:58:24 GMT" time="100.789" errors="0">
  <testcase name="filterProduct" time="100.789" classname="packtwo.Filterproduct"/>
</testsuite> <!-- packtwo.Filterproduct -->
